<?xml version="1.0" encoding="UTF-8"?>
<coverage generated="1676995919561" clover="3.2.0">
  <project timestamp="1676995919561" name="All files">
    <metrics statements="54" coveredstatements="14" conditionals="2" coveredconditionals="0" methods="19" coveredmethods="2" elements="75" coveredelements="16" complexity="0" loc="54" ncloc="54" packages="3" files="5" classes="5"/>
    <package name="src">
      <metrics statements="2" coveredstatements="1" conditionals="0" coveredconditionals="0" methods="1" coveredmethods="1"/>
      <file name="App.jsx" path="C:\Users\maria\Documents\PROYECTO 4 LABORATORIA\DEV001-notes\src\App.jsx">
        <metrics statements="1" coveredstatements="1" conditionals="0" coveredconditionals="0" methods="1" coveredmethods="1"/>
        <line num="8" count="1" type="stmt"/>
      </file>
      <file name="main.jsx" path="C:\Users\maria\Documents\PROYECTO 4 LABORATORIA\DEV001-notes\src\main.jsx">
        <metrics statements="1" coveredstatements="0" conditionals="0" coveredconditionals="0" methods="0" coveredmethods="0"/>
        <line num="7" count="0" type="stmt"/>
      </file>
    </package>
    <package name="src.componentes">
      <metrics statements="29" coveredstatements="5" conditionals="0" coveredconditionals="0" methods="12" coveredmethods="1"/>
      <file name="Board.jsx" path="C:\Users\maria\Documents\PROYECTO 4 LABORATORIA\DEV001-notes\src\componentes\Board.jsx">
        <metrics statements="19" coveredstatements="1" conditionals="0" coveredconditionals="0" methods="9" coveredmethods="0"/>
        <line num="5" count="1" type="stmt"/>
        <line num="6" count="0" type="stmt"/>
        <line num="7" count="0" type="stmt"/>
        <line num="8" count="0" type="stmt"/>
        <line num="11" count="0" type="stmt"/>
        <line num="12" count="0" type="stmt"/>
        <line num="13" count="0" type="stmt"/>
        <line num="14" count="0" type="stmt"/>
        <line num="16" count="0" type="stmt"/>
        <line num="17" count="0" type="stmt"/>
        <line num="20" count="0" type="stmt"/>
        <line num="21" count="0" type="stmt"/>
        <line num="23" count="0" type="stmt"/>
        <line num="25" count="0" type="stmt"/>
        <line num="29" count="0" type="stmt"/>
        <line num="41" count="0" type="stmt"/>
        <line num="45" count="0" type="stmt"/>
        <line num="52" count="0" type="stmt"/>
        <line num="56" count="0" type="stmt"/>
      </file>
      <file name="Login.jsx" path="C:\Users\maria\Documents\PROYECTO 4 LABORATORIA\DEV001-notes\src\componentes\Login.jsx">
        <metrics statements="10" coveredstatements="4" conditionals="0" coveredconditionals="0" methods="3" coveredmethods="1"/>
        <line num="8" count="1" type="stmt"/>
        <line num="9" count="1" type="stmt"/>
        <line num="10" count="1" type="stmt"/>
        <line num="11" count="0" type="stmt"/>
        <line num="12" count="0" type="stmt"/>
        <line num="13" count="0" type="stmt"/>
        <line num="15" count="0" type="stmt"/>
        <line num="16" count="0" type="stmt"/>
        <line num="17" count="0" type="stmt"/>
        <line num="23" count="1" type="stmt"/>
      </file>
    </package>
    <package name="src.firebase">
      <metrics statements="23" coveredstatements="8" conditionals="2" coveredconditionals="0" methods="6" coveredmethods="0"/>
      <file name="firebase-init.jsx" path="C:\Users\maria\Documents\PROYECTO 4 LABORATORIA\DEV001-notes\src\firebase\firebase-init.jsx">
        <metrics statements="23" coveredstatements="8" conditionals="2" coveredconditionals="0" methods="6" coveredmethods="0"/>
        <line num="14" count="1" type="stmt"/>
        <line num="25" count="1" type="stmt"/>
        <line num="26" count="1" type="stmt"/>
        <line num="27" count="1" type="stmt"/>
        <line num="28" count="1" type="stmt"/>
        <line num="30" count="1" type="stmt"/>
        <line num="31" count="0" type="stmt"/>
        <line num="32" count="0" type="stmt"/>
        <line num="33" count="0" type="cond" truecount="0" falsecount="2"/>
        <line num="34" count="0" type="stmt"/>
        <line num="35" count="0" type="stmt"/>
        <line num="36" count="0" type="stmt"/>
        <line num="37" count="0" type="stmt"/>
        <line num="39" count="0" type="stmt"/>
        <line num="40" count="0" type="stmt"/>
        <line num="41" count="0" type="stmt"/>
        <line num="43" count="0" type="stmt"/>
        <line num="48" count="1" type="stmt"/>
        <line num="50" count="1" type="stmt"/>
        <line num="51" count="0" type="stmt"/>
        <line num="55" count="0" type="stmt"/>
        <line num="56" count="0" type="stmt"/>
        <line num="57" count="0" type="stmt"/>
      </file>
    </package>
  </project>
</coverage>
