{"C:\\Users\\anubi\\Desktop\\lab notes\\DEV001-notes\\src\\App.jsx": {"path":"C:\\Users\\anubi\\Desktop\\lab notes\\DEV001-notes\\src\\App.jsx","statementMap":{"0":{"start":{"line":8,"column":2},"end":{"line":17,"column":3}}},"fnMap":{"0":{"name":"App","decl":{"start":{"line":5,"column":9},"end":{"line":5,"column":12}},"loc":{"start":{"line":5,"column":15},"end":{"line":18,"column":1}},"line":5}},"branchMap":{},"s":{"0":1},"f":{"0":1},"b":{},"_coverageSchema":"1a1c01bbd47fc00a2c39e90264f33305004495a9","hash":"56016230187224b1c7d95166a1d06eda028ebff5"}
,"C:\\Users\\anubi\\Desktop\\lab notes\\DEV001-notes\\src\\main.jsx": {"path":"C:\\Users\\anubi\\Desktop\\lab notes\\DEV001-notes\\src\\main.jsx","statementMap":{"0":{"start":{"line":7,"column":0},"end":{"line":11,"column":1}}},"fnMap":{},"branchMap":{},"s":{"0":0},"f":{},"b":{}}
,"C:\\Users\\anubi\\Desktop\\lab notes\\DEV001-notes\\src\\componentes\\Board.jsx": {"path":"C:\\Users\\anubi\\Desktop\\lab notes\\DEV001-notes\\src\\componentes\\Board.jsx","statementMap":{"0":{"start":{"line":5,"column":14},"end":{"line":31,"column":1}},"1":{"start":{"line":8,"column":4},"end":{"line":29,"column":6}}},"fnMap":{"0":{"name":"(anonymous_0)","decl":{"start":{"line":5,"column":14},"end":{"line":5,"column":15}},"loc":{"start":{"line":5,"column":20},"end":{"line":31,"column":1}},"line":5}},"branchMap":{},"s":{"0":1,"1":0},"f":{"0":0},"b":{},"_coverageSchema":"1a1c01bbd47fc00a2c39e90264f33305004495a9","hash":"ba1cde8c6b5787c8df1345dc4c0983a24984adeb"}
,"C:\\Users\\anubi\\Desktop\\lab notes\\DEV001-notes\\src\\componentes\\Login.jsx": {"path":"C:\\Users\\anubi\\Desktop\\lab notes\\DEV001-notes\\src\\componentes\\Login.jsx","statementMap":{"0":{"start":{"line":8,"column":14},"end":{"line":43,"column":1}},"1":{"start":{"line":9,"column":21},"end":{"line":9,"column":34}},"2":{"start":{"line":10,"column":29},"end":{"line":20,"column":5}},"3":{"start":{"line":11,"column":8},"end":{"line":19,"column":33}},"4":{"start":{"line":17,"column":12},"end":{"line":17,"column":31}},"5":{"start":{"line":23,"column":4},"end":{"line":38,"column":6}}},"fnMap":{"0":{"name":"(anonymous_0)","decl":{"start":{"line":8,"column":14},"end":{"line":8,"column":15}},"loc":{"start":{"line":8,"column":20},"end":{"line":43,"column":1}},"line":8},"1":{"name":"(anonymous_1)","decl":{"start":{"line":10,"column":29},"end":{"line":10,"column":30}},"loc":{"start":{"line":10,"column":35},"end":{"line":20,"column":5}},"line":10},"2":{"name":"(anonymous_2)","decl":{"start":{"line":11,"column":31},"end":{"line":11,"column":32}},"loc":{"start":{"line":11,"column":40},"end":{"line":18,"column":11}},"line":11}},"branchMap":{},"s":{"0":1,"1":1,"2":1,"3":0,"4":0,"5":1},"f":{"0":1,"1":0,"2":0},"b":{},"_coverageSchema":"1a1c01bbd47fc00a2c39e90264f33305004495a9","hash":"f8f80b8b762e5d3da22c938fd832146423f69831"}
,"C:\\Users\\anubi\\Desktop\\lab notes\\DEV001-notes\\src\\firebase\\firebase-init.jsx": {"path":"C:\\Users\\anubi\\Desktop\\lab notes\\DEV001-notes\\src\\firebase\\firebase-init.jsx","statementMap":{"0":{"start":{"line":10,"column":23},"end":{"line":18,"column":1}},"1":{"start":{"line":21,"column":19},"end":{"line":21,"column":48}},"2":{"start":{"line":22,"column":20},"end":{"line":22,"column":33}},"3":{"start":{"line":23,"column":24},"end":{"line":23,"column":48}},"4":{"start":{"line":24,"column":27},"end":{"line":24,"column":64}},"5":{"start":{"line":24,"column":33},"end":{"line":24,"column":64}},"6":{"start":{"line":26,"column":31},"end":{"line":40,"column":1}},"7":{"start":{"line":27,"column":15},"end":{"line":27,"column":24}},"8":{"start":{"line":28,"column":15},"end":{"line":28,"column":31}},"9":{"start":{"line":29,"column":0},"end":{"line":38,"column":1}},"10":{"start":{"line":30,"column":26},"end":{"line":30,"column":42}},"11":{"start":{"line":31,"column":20},"end":{"line":31,"column":30}},"12":{"start":{"line":35,"column":14},"end":{"line":35,"column":22}},"13":{"start":{"line":36,"column":2},"end":{"line":36,"column":47}},"14":{"start":{"line":37,"column":2},"end":{"line":37,"column":51}},"15":{"start":{"line":39,"column":2},"end":{"line":39,"column":23}},"16":{"start":{"line":44,"column":18},"end":{"line":44,"column":35}}},"fnMap":{"0":{"name":"(anonymous_0)","decl":{"start":{"line":24,"column":27},"end":{"line":24,"column":28}},"loc":{"start":{"line":24,"column":33},"end":{"line":24,"column":64}},"line":24},"1":{"name":"(anonymous_1)","decl":{"start":{"line":26,"column":31},"end":{"line":26,"column":32}},"loc":{"start":{"line":26,"column":37},"end":{"line":40,"column":1}},"line":26}},"branchMap":{"0":{"loc":{"start":{"line":29,"column":0},"end":{"line":38,"column":1}},"type":"if","locations":[{"start":{"line":29,"column":0},"end":{"line":38,"column":1}},{"start":{},"end":{}}],"line":29}},"s":{"0":1,"1":1,"2":1,"3":1,"4":1,"5":0,"6":1,"7":0,"8":0,"9":0,"10":0,"11":0,"12":0,"13":0,"14":0,"15":0,"16":1},"f":{"0":0,"1":0},"b":{"0":[0,0]},"_coverageSchema":"1a1c01bbd47fc00a2c39e90264f33305004495a9","hash":"edf0c83a60e2d9ea3591aa68c7f687eba334bc4e"}
}
