{"C:\\Users\\maria\\Documents\\PROYECTO 4 LABORATORIA\\DEV001-notes\\src\\App.jsx": {"path":"C:\\Users\\maria\\Documents\\PROYECTO 4 LABORATORIA\\DEV001-notes\\src\\App.jsx","statementMap":{"0":{"start":{"line":8,"column":2},"end":{"line":17,"column":3}}},"fnMap":{"0":{"name":"App","decl":{"start":{"line":5,"column":9},"end":{"line":5,"column":12}},"loc":{"start":{"line":5,"column":15},"end":{"line":18,"column":1}},"line":5}},"branchMap":{},"s":{"0":1},"f":{"0":1},"b":{},"_coverageSchema":"1a1c01bbd47fc00a2c39e90264f33305004495a9","hash":"bfb0fab5696f5270c8723c2b3e6d42216067b34b"}
,"C:\\Users\\maria\\Documents\\PROYECTO 4 LABORATORIA\\DEV001-notes\\src\\main.jsx": {"path":"C:\\Users\\maria\\Documents\\PROYECTO 4 LABORATORIA\\DEV001-notes\\src\\main.jsx","statementMap":{"0":{"start":{"line":7,"column":0},"end":{"line":11,"column":1}}},"fnMap":{},"branchMap":{},"s":{"0":0},"f":{},"b":{}}
,"C:\\Users\\maria\\Documents\\PROYECTO 4 LABORATORIA\\DEV001-notes\\src\\componentes\\Board.jsx": {"path":"C:\\Users\\maria\\Documents\\PROYECTO 4 LABORATORIA\\DEV001-notes\\src\\componentes\\Board.jsx","statementMap":{"0":{"start":{"line":5,"column":14},"end":{"line":66,"column":7}},"1":{"start":{"line":6,"column":31},"end":{"line":6,"column":43}},"2":{"start":{"line":7,"column":42},"end":{"line":7,"column":54}},"3":{"start":{"line":8,"column":27},"end":{"line":8,"column":39}},"4":{"start":{"line":11,"column":21},"end":{"line":18,"column":5}},"5":{"start":{"line":12,"column":8},"end":{"line":12,"column":27}},"6":{"start":{"line":13,"column":8},"end":{"line":13,"column":37}},"7":{"start":{"line":14,"column":8},"end":{"line":14,"column":23}},"8":{"start":{"line":16,"column":8},"end":{"line":16,"column":21}},"9":{"start":{"line":17,"column":8},"end":{"line":17,"column":27}},"10":{"start":{"line":20,"column":25},"end":{"line":26,"column":7}},"11":{"start":{"line":21,"column":8},"end":{"line":25,"column":65}},"12":{"start":{"line":23,"column":12},"end":{"line":23,"column":32}},"13":{"start":{"line":25,"column":28},"end":{"line":25,"column":63}},"14":{"start":{"line":29,"column":4},"end":{"line":64,"column":6}},"15":{"start":{"line":41,"column":16},"end":{"line":46,"column":18}},"16":{"start":{"line":45,"column":34},"end":{"line":45,"column":58}},"17":{"start":{"line":52,"column":12},"end":{"line":57,"column":18}},"18":{"start":{"line":56,"column":33},"end":{"line":56,"column":63}}},"fnMap":{"0":{"name":"(anonymous_0)","decl":{"start":{"line":5,"column":14},"end":{"line":5,"column":15}},"loc":{"start":{"line":5,"column":20},"end":{"line":66,"column":7}},"line":5},"1":{"name":"(anonymous_1)","decl":{"start":{"line":11,"column":21},"end":{"line":11,"column":22}},"loc":{"start":{"line":11,"column":34},"end":{"line":18,"column":5}},"line":11},"2":{"name":"(anonymous_2)","decl":{"start":{"line":20,"column":25},"end":{"line":20,"column":26}},"loc":{"start":{"line":20,"column":31},"end":{"line":26,"column":7}},"line":20},"3":{"name":"(anonymous_3)","decl":{"start":{"line":22,"column":14},"end":{"line":22,"column":15}},"loc":{"start":{"line":22,"column":25},"end":{"line":24,"column":11}},"line":22},"4":{"name":"(anonymous_4)","decl":{"start":{"line":25,"column":17},"end":{"line":25,"column":18}},"loc":{"start":{"line":25,"column":28},"end":{"line":25,"column":63}},"line":25},"5":{"name":"(anonymous_5)","decl":{"start":{"line":40,"column":24},"end":{"line":40,"column":25}},"loc":{"start":{"line":41,"column":16},"end":{"line":46,"column":18}},"line":41},"6":{"name":"(anonymous_6)","decl":{"start":{"line":45,"column":27},"end":{"line":45,"column":28}},"loc":{"start":{"line":45,"column":34},"end":{"line":45,"column":58}},"line":45},"7":{"name":"(anonymous_7)","decl":{"start":{"line":51,"column":20},"end":{"line":51,"column":21}},"loc":{"start":{"line":52,"column":12},"end":{"line":57,"column":18}},"line":52},"8":{"name":"(anonymous_8)","decl":{"start":{"line":56,"column":26},"end":{"line":56,"column":27}},"loc":{"start":{"line":56,"column":33},"end":{"line":56,"column":63}},"line":56}},"branchMap":{},"s":{"0":1,"1":0,"2":0,"3":0,"4":0,"5":0,"6":0,"7":0,"8":0,"9":0,"10":0,"11":0,"12":0,"13":0,"14":0,"15":0,"16":0,"17":0,"18":0},"f":{"0":0,"1":0,"2":0,"3":0,"4":0,"5":0,"6":0,"7":0,"8":0},"b":{},"_coverageSchema":"1a1c01bbd47fc00a2c39e90264f33305004495a9","hash":"01f17d588a9655b2b2f9a0c28fa924c2f688f26a"}
,"C:\\Users\\maria\\Documents\\PROYECTO 4 LABORATORIA\\DEV001-notes\\src\\componentes\\Login.jsx": {"path":"C:\\Users\\maria\\Documents\\PROYECTO 4 LABORATORIA\\DEV001-notes\\src\\componentes\\Login.jsx","statementMap":{"0":{"start":{"line":8,"column":14},"end":{"line":43,"column":1}},"1":{"start":{"line":9,"column":21},"end":{"line":9,"column":34}},"2":{"start":{"line":10,"column":29},"end":{"line":20,"column":5}},"3":{"start":{"line":11,"column":8},"end":{"line":19,"column":33}},"4":{"start":{"line":12,"column":36},"end":{"line":12,"column":56}},"5":{"start":{"line":13,"column":30},"end":{"line":13,"column":44}},"6":{"start":{"line":15,"column":12},"end":{"line":15,"column":58}},"7":{"start":{"line":16,"column":12},"end":{"line":16,"column":53}},"8":{"start":{"line":17,"column":12},"end":{"line":17,"column":31}},"9":{"start":{"line":23,"column":4},"end":{"line":38,"column":6}}},"fnMap":{"0":{"name":"(anonymous_0)","decl":{"start":{"line":8,"column":14},"end":{"line":8,"column":15}},"loc":{"start":{"line":8,"column":20},"end":{"line":43,"column":1}},"line":8},"1":{"name":"(anonymous_1)","decl":{"start":{"line":10,"column":29},"end":{"line":10,"column":30}},"loc":{"start":{"line":10,"column":35},"end":{"line":20,"column":5}},"line":10},"2":{"name":"(anonymous_2)","decl":{"start":{"line":11,"column":31},"end":{"line":11,"column":32}},"loc":{"start":{"line":11,"column":40},"end":{"line":18,"column":11}},"line":11}},"branchMap":{},"s":{"0":1,"1":1,"2":1,"3":0,"4":0,"5":0,"6":0,"7":0,"8":0,"9":1},"f":{"0":1,"1":0,"2":0},"b":{},"_coverageSchema":"1a1c01bbd47fc00a2c39e90264f33305004495a9","hash":"929a081cdce1ced9edbc365a999e7add9ea273c3"}
,"C:\\Users\\maria\\Documents\\PROYECTO 4 LABORATORIA\\DEV001-notes\\src\\firebase\\firebase-init.jsx": {"path":"C:\\Users\\maria\\Documents\\PROYECTO 4 LABORATORIA\\DEV001-notes\\src\\firebase\\firebase-init.jsx","statementMap":{"0":{"start":{"line":14,"column":23},"end":{"line":22,"column":1}},"1":{"start":{"line":25,"column":19},"end":{"line":25,"column":48}},"2":{"start":{"line":26,"column":20},"end":{"line":26,"column":33}},"3":{"start":{"line":27,"column":24},"end":{"line":27,"column":48}},"4":{"start":{"line":28,"column":27},"end":{"line":28,"column":64}},"5":{"start":{"line":28,"column":33},"end":{"line":28,"column":64}},"6":{"start":{"line":30,"column":31},"end":{"line":44,"column":1}},"7":{"start":{"line":31,"column":15},"end":{"line":31,"column":24}},"8":{"start":{"line":32,"column":15},"end":{"line":32,"column":31}},"9":{"start":{"line":33,"column":2},"end":{"line":42,"column":1}},"10":{"start":{"line":34,"column":26},"end":{"line":34,"column":42}},"11":{"start":{"line":35,"column":20},"end":{"line":35,"column":30}},"12":{"start":{"line":36,"column":23},"end":{"line":36,"column":36}},"13":{"start":{"line":37,"column":28},"end":{"line":37,"column":46}},"14":{"start":{"line":39,"column":14},"end":{"line":39,"column":22}},"15":{"start":{"line":40,"column":2},"end":{"line":40,"column":47}},"16":{"start":{"line":41,"column":2},"end":{"line":41,"column":51}},"17":{"start":{"line":43,"column":2},"end":{"line":43,"column":23}},"18":{"start":{"line":48,"column":18},"end":{"line":48,"column":35}},"19":{"start":{"line":50,"column":25},"end":{"line":52,"column":1}},"20":{"start":{"line":51,"column":2},"end":{"line":51,"column":58}},"21":{"start":{"line":55,"column":23},"end":{"line":55,"column":53}},"22":{"start":{"line":56,"column":2},"end":{"line":61,"column":5}},"23":{"start":{"line":57,"column":4},"end":{"line":60,"column":8}},"24":{"start":{"line":57,"column":44},"end":{"line":60,"column":5}}},"fnMap":{"0":{"name":"(anonymous_0)","decl":{"start":{"line":28,"column":27},"end":{"line":28,"column":28}},"loc":{"start":{"line":28,"column":33},"end":{"line":28,"column":64}},"line":28},"1":{"name":"(anonymous_1)","decl":{"start":{"line":30,"column":31},"end":{"line":30,"column":32}},"loc":{"start":{"line":30,"column":37},"end":{"line":44,"column":1}},"line":30},"2":{"name":"(anonymous_2)","decl":{"start":{"line":50,"column":25},"end":{"line":50,"column":26}},"loc":{"start":{"line":50,"column":48},"end":{"line":52,"column":1}},"line":50},"3":{"name":"getNotes","decl":{"start":{"line":54,"column":22},"end":{"line":54,"column":30}},"loc":{"start":{"line":54,"column":33},"end":{"line":62,"column":1}},"line":54},"4":{"name":"(anonymous_4)","decl":{"start":{"line":56,"column":36},"end":{"line":56,"column":37}},"loc":{"start":{"line":56,"column":55},"end":{"line":61,"column":3}},"line":56},"5":{"name":"(anonymous_5)","decl":{"start":{"line":57,"column":34},"end":{"line":57,"column":35}},"loc":{"start":{"line":57,"column":44},"end":{"line":60,"column":5}},"line":57}},"branchMap":{"0":{"loc":{"start":{"line":33,"column":2},"end":{"line":42,"column":1}},"type":"if","locations":[{"start":{"line":33,"column":2},"end":{"line":42,"column":1}},{"start":{},"end":{}}],"line":33}},"s":{"0":1,"1":1,"2":1,"3":1,"4":1,"5":0,"6":1,"7":0,"8":0,"9":0,"10":0,"11":0,"12":0,"13":0,"14":0,"15":0,"16":0,"17":0,"18":1,"19":1,"20":0,"21":0,"22":0,"23":0,"24":0},"f":{"0":0,"1":0,"2":0,"3":0,"4":0,"5":0},"b":{"0":[0,0]},"_coverageSchema":"1a1c01bbd47fc00a2c39e90264f33305004495a9","hash":"2fef0a6857ab92cd26cca05903c9fab010fff99f"}
}
